<?xml version="1.0" encoding="UTF-8"?>
<testng-results skipped="0" failed="0" ignored="0" total="1" passed="1">
  <reporter-output>
  </reporter-output>
  <suite name="Default suite" duration-ms="16241" started-at="2017-08-22T00:21:12Z" finished-at="2017-08-22T00:21:28Z">
    <groups>
    </groups>
    <test name="Default test" duration-ms="16241" started-at="2017-08-22T00:21:12Z" finished-at="2017-08-22T00:21:28Z">
      <class name="automationConcepts.VerificationsUsingTestNG">
        <test-method status="PASS" signature="searchEBay()[pri:0, instance:automationConcepts.VerificationsUsingTestNG@675d3402]" name="searchEBay" duration-ms="16212" started-at="2017-08-21T20:21:12Z" finished-at="2017-08-21T20:21:28Z">
          <reporter-output>
          </reporter-output>
        </test-method> <!-- searchEBay -->
      </class> <!-- automationConcepts.VerificationsUsingTestNG -->
    </test> <!-- Default test -->
  </suite> <!-- Default suite -->
</testng-results>
